[run_puzzle], 1552723156.30, 2, Created log.
[run_puzzle], 1552723156.30, 2, Creating random input
[run_puzzle], 1552723156.30, 2, Executing puzzle
[run_puzzle], 1552723157.19, 2, Integral = 0.0295319
integral, integral.opt, row, 2, 41, 0.916481, 0.916481
[run_puzzle], 1552723157.22, 2, Creating random input
[run_puzzle], 1552723157.22, 2, Executing puzzle
[run_puzzle], 1552723157.34, 2, Integral = 0.0239562
integral, integral.opt, row, 3, 60, 0.13951, 1.05599
[run_puzzle], 1552723157.36, 2, Creating random input
[run_puzzle], 1552723157.36, 2, Executing puzzle
[run_puzzle], 1552723157.46, 2, Integral = 0.0245321
integral, integral.opt, row, 4, 84, 0.124132, 1.18012
[run_puzzle], 1552723157.48, 2, Creating random input
[run_puzzle], 1552723157.48, 2, Executing puzzle
[run_puzzle], 1552723157.59, 2, Integral = 0.0252506
integral, integral.opt, row, 5, 102, 0.125825, 1.30595
[run_puzzle], 1552723157.61, 2, Executing reference
[run_puzzle], 1552723157.75, 2, Integral = 0.0252506
[run_puzzle], 1552723157.75, 2, Checking output
[run_puzzle], 1552723157.75, 2, Output is correct
[run_puzzle], 1552723157.75, 2, Creating random input
[run_puzzle], 1552723157.75, 2, Executing puzzle
[run_puzzle], 1552723157.86, 2, Integral = 0.0244506
integral, integral.opt, row, 6, 124, 0.125523, 1.43147
[run_puzzle], 1552723157.87, 2, Creating random input
[run_puzzle], 1552723157.87, 2, Executing puzzle
[run_puzzle], 1552723157.98, 2, Integral = 0.0258915
integral, integral.opt, row, 7, 144, 0.127348, 1.55882
[run_puzzle], 1552723158.00, 2, Creating random input
[run_puzzle], 1552723158.00, 2, Executing puzzle
[run_puzzle], 1552723158.11, 2, Integral = 0.0254392
integral, integral.opt, row, 8, 160, 0.125363, 1.68418
[run_puzzle], 1552723158.13, 2, Creating random input
[run_puzzle], 1552723158.13, 2, Executing puzzle
[run_puzzle], 1552723158.24, 2, Integral = 0.0278274
integral, integral.opt, row, 9, 185, 0.129109, 1.81329
[run_puzzle], 1552723158.26, 2, Creating random input
[run_puzzle], 1552723158.26, 2, Executing puzzle
[run_puzzle], 1552723158.37, 2, Integral = 0.0252127
integral, integral.opt, row, 10, 200, 0.125659, 1.93895
[run_puzzle], 1552723158.38, 2, Creating random input
[run_puzzle], 1552723158.38, 2, Executing puzzle
[run_puzzle], 1552723158.50, 2, Integral = 0.0259863
integral, integral.opt, row, 11, 221, 0.132487, 2.07144
[run_puzzle], 1552723158.52, 2, Creating random input
[run_puzzle], 1552723158.52, 2, Executing puzzle
[run_puzzle], 1552723158.63, 2, Integral = 0.0256142
integral, integral.opt, row, 12, 242, 0.134124, 2.20556
[run_puzzle], 1552723158.65, 2, Creating random input
[run_puzzle], 1552723158.65, 2, Executing puzzle
[run_puzzle], 1552723158.77, 2, Integral = 0.0275283
integral, integral.opt, row, 13, 261, 0.136215, 2.34178
[run_puzzle], 1552723158.79, 2, Creating random input
[run_puzzle], 1552723158.79, 2, Executing puzzle
[run_puzzle], 1552723158.90, 2, Integral = 0.0254958
integral, integral.opt, row, 14, 284, 0.12896, 2.47074
[run_puzzle], 1552723158.91, 2, Creating random input
[run_puzzle], 1552723158.91, 2, Executing puzzle
[run_puzzle], 1552723159.03, 2, Integral = 0.0268114
integral, integral.opt, row, 15, 300, 0.128825, 2.59956
[run_puzzle], 1552723159.04, 2, Creating random input
[run_puzzle], 1552723159.04, 2, Executing puzzle
[run_puzzle], 1552723159.16, 2, Integral = 0.0267856
integral, integral.opt, row, 16, 324, 0.129044, 2.72861
[run_puzzle], 1552723159.17, 2, Executing reference
[run_puzzle], 1552723162.37, 2, Integral = 0.0267856
[run_puzzle], 1552723162.37, 2, Checking output
[run_puzzle], 1552723162.37, 2, Output is correct
[run_puzzle], 1552723162.37, 2, Creating random input
[run_puzzle], 1552723162.37, 2, Executing puzzle
[run_puzzle], 1552723162.48, 2, Integral = 0.0265139
integral, integral.opt, row, 17, 340, 0.133054, 2.86166
[run_puzzle], 1552723162.50, 2, Creating random input
[run_puzzle], 1552723162.50, 2, Executing puzzle
[run_puzzle], 1552723162.62, 2, Integral = 0.0267375
integral, integral.opt, row, 18, 365, 0.137051, 2.99871
[run_puzzle], 1552723162.64, 2, Creating random input
[run_puzzle], 1552723162.64, 2, Executing puzzle
[run_puzzle], 1552723162.78, 2, Integral = 0.0270168
integral, integral.opt, row, 19, 384, 0.154988, 3.1537
[run_puzzle], 1552723162.79, 2, Creating random input
[run_puzzle], 1552723162.79, 2, Executing puzzle
[run_puzzle], 1552723162.94, 2, Integral = 0.0266762
integral, integral.opt, row, 20, 401, 0.164781, 3.31848
[run_puzzle], 1552723162.96, 2, Creating random input
[run_puzzle], 1552723162.96, 2, Executing puzzle
[run_puzzle], 1552723163.07, 2, Integral = 0.0260828
integral, integral.opt, row, 21, 420, 0.1334, 3.45188
[run_puzzle], 1552723163.09, 2, Creating random input
[run_puzzle], 1552723163.09, 2, Executing puzzle
[run_puzzle], 1552723163.25, 2, Integral = 0.0264541
integral, integral.opt, row, 22, 441, 0.173132, 3.62501
[run_puzzle], 1552723163.26, 2, Creating random input
[run_puzzle], 1552723163.26, 2, Executing puzzle
[run_puzzle], 1552723163.40, 2, Integral = 0.0265358
integral, integral.opt, row, 23, 464, 0.155012, 3.78002
[run_puzzle], 1552723163.42, 2, Executing reference
[run_puzzle], 1552723172.31, 2, Integral = 0.0265358
[run_puzzle], 1552723172.31, 2, Checking output
[run_puzzle], 1552723172.31, 2, Output is correct
[run_puzzle], 1552723172.31, 2, Creating random input
[run_puzzle], 1552723172.31, 2, Executing puzzle
[run_puzzle], 1552723172.49, 2, Integral = 0.0268596
integral, integral.opt, row, 24, 485, 0.197162, 3.97719
[run_puzzle], 1552723172.51, 2, Creating random input
[run_puzzle], 1552723172.51, 2, Executing puzzle
[run_puzzle], 1552723172.64, 2, Integral = 0.0267833
integral, integral.opt, row, 25, 502, 0.147197, 4.12438
[run_puzzle], 1552723172.66, 2, Creating random input
[run_puzzle], 1552723172.66, 2, Executing puzzle
[run_puzzle], 1552723172.84, 2, Integral = 0.0273225
integral, integral.opt, row, 26, 523, 0.202901, 4.32728
[run_puzzle], 1552723172.86, 2, Creating random input
[run_puzzle], 1552723172.86, 2, Executing puzzle
[run_puzzle], 1552723172.99, 2, Integral = 0.0264868
integral, integral.opt, row, 27, 541, 0.145226, 4.47251
[run_puzzle], 1552723173.01, 2, Creating random input
[run_puzzle], 1552723173.01, 2, Executing puzzle
[run_puzzle], 1552723173.18, 2, Integral = 0.0273563
integral, integral.opt, row, 28, 565, 0.188006, 4.66052
[run_puzzle], 1552723173.20, 2, Creating random input
[run_puzzle], 1552723173.20, 2, Executing puzzle
[run_puzzle], 1552723173.41, 2, Integral = 0.0271751
integral, integral.opt, row, 29, 581, 0.228009, 4.88853
[run_puzzle], 1552723173.42, 2, Creating random input
[run_puzzle], 1552723173.42, 2, Executing puzzle
[run_puzzle], 1552723173.59, 2, Integral = 0.0266641
integral, integral.opt, row, 30, 601, 0.183366, 5.07189
[run_puzzle], 1552723173.61, 2, Creating random input
[run_puzzle], 1552723173.61, 2, Executing puzzle
[run_puzzle], 1552723173.80, 2, Integral = 0.0266537
integral, integral.opt, row, 31, 625, 0.210555, 5.28245
[run_puzzle], 1552723173.82, 2, Creating random input
[run_puzzle], 1552723173.82, 2, Executing puzzle
[run_puzzle], 1552723174.02, 2, Integral = 0.0263765
integral, integral.opt, row, 32, 640, 0.221675, 5.50412
[run_puzzle], 1552723174.04, 2, Creating random input
[run_puzzle], 1552723174.04, 2, Executing puzzle
[run_puzzle], 1552723174.20, 2, Integral = 0.0266804
integral, integral.opt, row, 33, 660, 0.179077, 5.6832
[run_puzzle], 1552723174.22, 2, Creating random input
[run_puzzle], 1552723174.22, 2, Executing puzzle
[run_puzzle], 1552723174.42, 2, Integral = 0.0262482
integral, integral.opt, row, 34, 680, 0.219981, 5.90318
[run_puzzle], 1552723174.44, 2, Creating random input
[run_puzzle], 1552723174.44, 2, Executing puzzle
[run_puzzle], 1552723174.73, 2, Integral = 0.0264812
integral, integral.opt, row, 35, 701, 0.307792, 6.21097
[run_puzzle], 1552723174.75, 2, Creating random input
[run_puzzle], 1552723174.75, 2, Executing puzzle
[run_puzzle], 1552723174.90, 2, Integral = 0.0265336
integral, integral.opt, row, 36, 724, 0.16697, 6.37794
[run_puzzle], 1552723174.91, 2, Creating random input
[run_puzzle], 1552723174.91, 2, Executing puzzle
[run_puzzle], 1552723175.23, 2, Integral = 0.0266059
integral, integral.opt, row, 37, 742, 0.334004, 6.71195
[run_puzzle], 1552723175.25, 2, Creating random input
[run_puzzle], 1552723175.25, 2, Executing puzzle
[run_puzzle], 1552723175.42, 2, Integral = 0.0266994
integral, integral.opt, row, 38, 762, 0.191714, 6.90366
[run_puzzle], 1552723175.44, 2, Creating random input
[run_puzzle], 1552723175.44, 2, Executing puzzle
[run_puzzle], 1552723175.80, 2, Integral = 0.0263214
integral, integral.opt, row, 39, 782, 0.376134, 7.2798
[run_puzzle], 1552723175.82, 2, Creating random input
[run_puzzle], 1552723175.82, 2, Executing puzzle
[run_puzzle], 1552723176.18, 2, Integral = 0.0265737
integral, integral.opt, row, 40, 802, 0.381305, 7.6611
[run_puzzle], 1552723176.20, 2, Creating random input
[run_puzzle], 1552723176.20, 2, Executing puzzle
[run_puzzle], 1552723176.58, 2, Integral = 0.0268157
integral, integral.opt, row, 41, 822, 0.407027, 8.06813
[run_puzzle], 1552723176.60, 2, Creating random input
[run_puzzle], 1552723176.60, 2, Executing puzzle
[run_puzzle], 1552723177.02, 2, Integral = 0.0262689
integral, integral.opt, row, 42, 845, 0.434151, 8.50228
[run_puzzle], 1552723177.04, 2, Creating random input
[run_puzzle], 1552723177.04, 2, Executing puzzle
[run_puzzle], 1552723177.46, 2, Integral = 0.0267933
integral, integral.opt, row, 43, 863, 0.438809, 8.94109
[run_puzzle], 1552723177.48, 2, Creating random input
[run_puzzle], 1552723177.48, 2, Executing puzzle
[run_puzzle], 1552723177.66, 2, Integral = 0.0265208
integral, integral.opt, row, 44, 884, 0.198946, 9.14003
[run_puzzle], 1552723177.68, 2, Creating random input
[run_puzzle], 1552723177.68, 2, Executing puzzle
[run_puzzle], 1552723177.97, 2, Integral = 0.0267422
integral, integral.opt, row, 45, 904, 0.306982, 9.44702
[run_puzzle], 1552723177.98, 2, Creating random input
[run_puzzle], 1552723177.98, 2, Executing puzzle
[run_puzzle], 1552723178.30, 2, Integral = 0.0267531
integral, integral.opt, row, 46, 923, 0.338726, 9.78574
[run_puzzle], 1552723178.32, 2, Creating random input
[run_puzzle], 1552723178.32, 2, Executing puzzle
[run_puzzle], 1552723178.52, 2, Integral = 0.0268499
integral, integral.opt, row, 47, 940, 0.213928, 9.99967
[run_puzzle], 1552723178.54, 2, Creating random input
[run_puzzle], 1552723178.54, 2, Executing puzzle
[run_puzzle], 1552723178.76, 2, Integral = 0.0268391
integral, integral.opt, row, 48, 964, 0.242623, 10.2423
[run_puzzle], 1552723178.78, 2, Creating random input
[run_puzzle], 1552723178.78, 2, Executing puzzle
[run_puzzle], 1552723179.03, 2, Integral = 0.0268477
integral, integral.opt, row, 49, 983, 0.271146, 10.5134
[run_puzzle], 1552723179.05, 2, Creating random input
[run_puzzle], 1552723179.05, 2, Executing puzzle
[run_puzzle], 1552723179.31, 2, Integral = 0.0262989
integral, integral.opt, row, 50, 1005, 0.278568, 10.792
[run_puzzle], 1552723179.33, 2, Creating random input
[run_puzzle], 1552723179.33, 2, Executing puzzle
[run_puzzle], 1552723179.55, 2, Integral = 0.0265142
integral, integral.opt, row, 51, 1020, 0.236376, 11.0284
[run_puzzle], 1552723179.56, 2, Creating random input
[run_puzzle], 1552723179.56, 2, Executing puzzle
[run_puzzle], 1552723180.21, 2, Integral = 0.0269319
integral, integral.opt, row, 52, 1043, 0.660974, 11.6894
[run_puzzle], 1552723180.23, 2, Creating random input
[run_puzzle], 1552723180.23, 2, Executing puzzle
[run_puzzle], 1552723180.48, 2, Integral = 0.0264257
integral, integral.opt, row, 53, 1060, 0.270105, 11.9595
[run_puzzle], 1552723180.50, 2, Creating random input
[run_puzzle], 1552723180.50, 2, Executing puzzle
[run_puzzle], 1552723181.21, 2, Integral = 0.0268286
integral, integral.opt, row, 54, 1083, 0.733706, 12.6932
[run_puzzle], 1552723181.23, 2, Creating random input
[run_puzzle], 1552723181.23, 2, Executing puzzle
[run_puzzle], 1552723181.48, 2, Integral = 0.0267941
integral, integral.opt, row, 55, 1100, 0.263785, 12.957
[run_puzzle], 1552723181.49, 2, Creating random input
[run_puzzle], 1552723181.49, 2, Executing puzzle
[run_puzzle], 1552723181.75, 2, Integral = 0.0267859
integral, integral.opt, row, 56, 1124, 0.27413, 13.2311
[run_puzzle], 1552723181.77, 2, Creating random input
[run_puzzle], 1552723181.77, 2, Executing puzzle
[run_puzzle], 1552723182.07, 2, Integral = 0.0267013
integral, integral.opt, row, 57, 1140, 0.315844, 13.5469
[run_puzzle], 1552723182.08, 2, Creating random input
[run_puzzle], 1552723182.08, 2, Executing puzzle
[run_puzzle], 1552723182.92, 2, Integral = 0.0265694
integral, integral.opt, row, 58, 1162, 0.85517, 14.4021
[run_puzzle], 1552723182.94, 2, Executing reference
[run_puzzle], 1552723312.45, 2, Integral = 0.0265694
[run_puzzle], 1552723312.45, 2, Checking output
[run_puzzle], 1552723312.45, 2, Output is correct
[run_puzzle], 1552723312.45, 2, Creating random input
[run_puzzle], 1552723312.45, 2, Executing puzzle
[run_puzzle], 1552723313.34, 2, Integral = 0.0263693
integral, integral.opt, row, 59, 1183, 0.905964, 15.3081
[run_puzzle], 1552723313.35, 2, Executing reference
[run_puzzle], 1552723449.89, 2, Integral = 0.0263693
[run_puzzle], 1552723449.89, 2, Checking output
[run_puzzle], 1552723449.89, 2, Output is correct
[run_puzzle], 1552723449.89, 2, Creating random input
[run_puzzle], 1552723449.89, 2, Executing puzzle
[run_puzzle], 1552723450.21, 2, Integral = 0.0266106
integral, integral.opt, row, 60, 1204, 0.34476, 15.6528
[run_puzzle], 1552723450.23, 2, Executing reference
[run_puzzle], 1552723594.04, 2, Integral = 0.0266107
[run_puzzle], 1552723594.04, 2, Checking output
[run_puzzle], 1552723594.04, 2, Output is correct
[run_puzzle], 1552723594.04, 2, Creating random input
[run_puzzle], 1552723594.04, 2, Executing puzzle
[run_puzzle], 1552723594.55, 2, Integral = 0.0262974
integral, integral.opt, row, 61, 1223, 0.532406, 16.1852
[run_puzzle], 1552723594.57, 2, Creating random input
[run_puzzle], 1552723594.57, 2, Executing puzzle
[run_puzzle], 1552723595.08, 2, Integral = 0.0265933
integral, integral.opt, row, 62, 1240, 0.531607, 16.7168
[run_puzzle], 1552723595.10, 2, Creating random input
[run_puzzle], 1552723595.10, 2, Executing puzzle
[run_puzzle], 1552723596.19, 2, Integral = 0.0263452
integral, integral.opt, row, 63, 1265, 1.11467, 17.8315
[run_puzzle], 1552723596.22, 2, Creating random input
[run_puzzle], 1552723596.22, 2, Executing puzzle
[run_puzzle], 1552723597.30, 2, Integral = 0.0269758
integral, integral.opt, row, 64, 1281, 1.11259, 18.9441
[run_puzzle], 1552723597.33, 2, Creating random input
[run_puzzle], 1552723597.33, 2, Executing puzzle
[run_puzzle], 1552723597.88, 2, Integral = 0.0265456
integral, integral.opt, row, 65, 1303, 0.577438, 19.5215
[run_puzzle], 1552723597.91, 2, Executing reference
[run_puzzle], 1552723779.85, 2, Integral = 0.0265456
[run_puzzle], 1552723779.85, 2, Checking output
[run_puzzle], 1552723779.85, 2, Output is correct
[run_puzzle], 1552723779.85, 2, Creating random input
[run_puzzle], 1552723779.85, 2, Executing puzzle
[run_puzzle], 1552723780.45, 2, Integral = 0.0265563
integral, integral.opt, row, 66, 1322, 0.614133, 20.1357
[run_puzzle], 1552723780.47, 2, Creating random input
[run_puzzle], 1552723780.47, 2, Executing puzzle
[run_puzzle], 1552723780.84, 2, Integral = 0.0265967
integral, integral.opt, row, 67, 1340, 0.394641, 20.5303
[run_puzzle], 1552723780.86, 2, Creating random input
[run_puzzle], 1552723780.86, 2, Executing puzzle
[run_puzzle], 1552723781.54, 2, Integral = 0.026744
integral, integral.opt, row, 68, 1360, 0.698624, 21.2289
[run_puzzle], 1552723781.56, 2, Creating random input
[run_puzzle], 1552723781.56, 2, Executing puzzle
[run_puzzle], 1552723782.08, 2, Integral = 0.0267381
integral, integral.opt, row, 69, 1384, 0.544479, 21.7734
[run_puzzle], 1552723782.10, 2, Creating random input
[run_puzzle], 1552723782.10, 2, Executing puzzle
[run_puzzle], 1552723783.49, 2, Integral = 0.0264614
integral, integral.opt, row, 70, 1403, 1.40652, 23.1799
[run_puzzle], 1552723783.51, 2, Creating random input
[run_puzzle], 1552723783.51, 2, Executing puzzle
[run_puzzle], 1552723784.40, 2, Integral = 0.026562
integral, integral.opt, row, 71, 1422, 0.917866, 24.0978
[run_puzzle], 1552723784.43, 2, Executing reference
[run_puzzle], 1552724019.66, 2, Integral = 0.026562
[run_puzzle], 1552724019.66, 2, Checking output
[run_puzzle], 1552724019.66, 2, Output is correct
[run_puzzle], 1552724019.66, 2, Creating random input
[run_puzzle], 1552724019.66, 2, Executing puzzle
[run_puzzle], 1552724021.14, 2, Integral = 0.0266404
integral, integral.opt, row, 72, 1441, 1.50106, 25.5988
[run_puzzle], 1552724021.17, 2, Creating random input
[run_puzzle], 1552724021.17, 2, Executing puzzle
[run_puzzle], 1552724021.82, 2, Integral = 0.0265962
integral, integral.opt, row, 73, 1464, 0.675908, 26.2748
[run_puzzle], 1552724021.84, 2, Creating random input
[run_puzzle], 1552724021.84, 2, Executing puzzle
[run_puzzle], 1552724022.45, 2, Integral = 0.0266722
integral, integral.opt, row, 74, 1483, 0.634983, 26.9097
[run_puzzle], 1552724022.48, 2, Creating random input
[run_puzzle], 1552724022.48, 2, Executing puzzle
[run_puzzle], 1552724024.14, 2, Integral = 0.026473
integral, integral.opt, row, 75, 1503, 1.68197, 28.5917
[run_puzzle], 1552724024.16, 2, Creating random input
[run_puzzle], 1552724024.16, 2, Executing puzzle
[run_puzzle], 1552724024.63, 2, Integral = 0.0265793
integral, integral.opt, row, 76, 1524, 0.490593, 29.0823
[run_puzzle], 1552724024.65, 2, Creating random input
[run_puzzle], 1552724024.65, 2, Executing puzzle
[run_puzzle], 1552724025.56, 2, Integral = 0.0267095
integral, integral.opt, row, 77, 1544, 0.929638, 30.0119
[run_puzzle], 1552724025.58, 2, Creating random input
[run_puzzle], 1552724025.58, 2, Executing puzzle
[run_puzzle], 1552724026.71, 2, Integral = 0.0267426
integral, integral.opt, row, 78, 1562, 1.14417, 31.1561
[run_puzzle], 1552724026.72, 2, Creating random input
[run_puzzle], 1552724026.72, 2, Executing puzzle
[run_puzzle], 1552724028.65, 2, Integral = 0.0266701
integral, integral.opt, row, 79, 1583, 1.94363, 33.0997
[run_puzzle], 1552724028.67, 2, Executing reference
[run_puzzle], 1552724352.14, 2, Integral = 0.0266701
[run_puzzle], 1552724352.14, 2, Checking output
[run_puzzle], 1552724352.14, 2, Output is correct
[run_puzzle], 1552724352.14, 2, Creating random input
[run_puzzle], 1552724352.14, 2, Executing puzzle
[run_puzzle], 1552724354.10, 2, Integral = 0.0266775
integral, integral.opt, row, 80, 1602, 1.98292, 35.0826
[run_puzzle], 1552724354.12, 2, Executing reference
[run_puzzle], 1552724688.93, 2, Integral = 0.0266775
[run_puzzle], 1552724688.93, 2, Checking output
[run_puzzle], 1552724688.93, 2, Output is correct
[run_puzzle], 1552724688.93, 2, Creating random input
[run_puzzle], 1552724688.93, 2, Executing puzzle
[run_puzzle], 1552724690.96, 2, Integral = 0.0264386
integral, integral.opt, row, 81, 1621, 2.0575, 37.1401
[run_puzzle], 1552724690.99, 2, Executing reference
[run_puzzle], 1552725037.40, 2, Integral = 0.0264386
[run_puzzle], 1552725037.40, 2, Checking output
[run_puzzle], 1552725037.40, 2, Output is correct
[run_puzzle], 1552725037.40, 2, Creating random input
[run_puzzle], 1552725037.40, 2, Executing puzzle
[run_puzzle], 1552725039.51, 2, Integral = 0.0266517
integral, integral.opt, row, 82, 1643, 2.12426, 39.2644
[run_puzzle], 1552725039.53, 2, Creating random input
[run_puzzle], 1552725039.53, 2, Executing puzzle
[run_puzzle], 1552725040.29, 2, Integral = 0.0264718
integral, integral.opt, row, 83, 1663, 0.77712, 40.0415
[run_puzzle], 1552725040.30, 2, Creating random input
[run_puzzle], 1552725040.30, 2, Executing puzzle
[run_puzzle], 1552725040.88, 2, Integral = 0.0266442
integral, integral.opt, row, 84, 1684, 0.595233, 40.6368
[run_puzzle], 1552725040.90, 2, Creating random input
[run_puzzle], 1552725040.90, 2, Executing puzzle
[run_puzzle], 1552725041.62, 2, Integral = 0.0265887
integral, integral.opt, row, 85, 1700, 0.736466, 41.3732
[run_puzzle], 1552725041.64, 2, Creating random input
[run_puzzle], 1552725041.64, 2, Executing puzzle
[run_puzzle], 1552725042.63, 2, Integral = 0.0266309
integral, integral.opt, row, 86, 1720, 1.0146, 42.3878
[run_puzzle], 1552725042.65, 2, Executing reference
[run_puzzle], 1552725455.80, 2, Integral = 0.0266309
[run_puzzle], 1552725455.80, 2, Checking output
[run_puzzle], 1552725455.80, 2, Output is correct
[run_puzzle], 1552725455.80, 2, Creating random input
[run_puzzle], 1552725455.80, 2, Executing puzzle
[run_puzzle], 1552725458.30, 2, Integral = 0.0265434
integral, integral.opt, row, 87, 1742, 2.51934, 44.9072
[run_puzzle], 1552725458.32, 2, Creating random input
[run_puzzle], 1552725458.32, 2, Executing puzzle
[run_puzzle], 1552725459.73, 2, Integral = 0.0266808
integral, integral.opt, row, 88, 1761, 1.4277, 46.3349
[run_puzzle], 1552725459.75, 2, Creating random input
[run_puzzle], 1552725459.75, 2, Executing puzzle
[run_puzzle], 1552725462.40, 2, Integral = 0.0265122
integral, integral.opt, row, 89, 1781, 2.67419, 49.009
[run_puzzle], 1552725462.42, 2, Creating random input
[run_puzzle], 1552725462.42, 2, Executing puzzle
[run_puzzle], 1552725465.09, 2, Integral = 0.026602
integral, integral.opt, row, 90, 1802, 2.68913, 51.6982
[run_puzzle], 1552725465.11, 2, Creating random input
[run_puzzle], 1552725465.11, 2, Executing puzzle
[run_puzzle], 1552725467.94, 2, Integral = 0.0264602
integral, integral.opt, row, 91, 1821, 2.85368, 54.5519
[run_puzzle], 1552725467.96, 2, Creating random input
[run_puzzle], 1552725467.96, 2, Executing puzzle
[run_puzzle], 1552725469.11, 2, Integral = 0.0267404
integral, integral.opt, row, 92, 1840, 1.16579, 55.7177
[run_puzzle], 1552725469.13, 2, Creating random input
[run_puzzle], 1552725469.13, 2, Executing puzzle
[run_puzzle], 1552725472.10, 2, Integral = 0.0264894
integral, integral.opt, row, 93, 1863, 2.98888, 58.7065
[run_puzzle], 1552725472.12, 2, Creating random input
[run_puzzle], 1552725472.12, 2, Executing puzzle
[run_puzzle], 1552725475.18, 2, Integral = 0.0267633
integral, integral.opt, row, 94, 1882, 3.08143, 61.788
integral, integral.opt, metric, 93, 0, 93.4198, 61.788
