[run_puzzle], 1552771671.40, 2, Created log.
[run_puzzle], 1552771671.40, 2, Creating random input
[run_puzzle], 1552771671.40, 2, Executing puzzle
[run_puzzle], 1552771671.40, 2, Building world
[run_puzzle], 1552771671.40, 2, Doing iterations
[run_puzzle], 1552771671.42, 2, Finished
ising, ising.tbb, row, 2, 41, 0.0252113, 0.0252113
[run_puzzle], 1552771671.42, 2, Creating random input
[run_puzzle], 1552771671.42, 2, Executing puzzle
[run_puzzle], 1552771671.42, 2, Building world
[run_puzzle], 1552771671.42, 2, Doing iterations
[run_puzzle], 1552771671.48, 2, Finished
ising, ising.tbb, row, 3, 60, 0.0555353, 0.0807467
[run_puzzle], 1552771671.48, 2, Creating random input
[run_puzzle], 1552771671.48, 2, Executing puzzle
[run_puzzle], 1552771671.48, 2, Building world
[run_puzzle], 1552771671.48, 2, Doing iterations
[run_puzzle], 1552771671.61, 2, Finished
ising, ising.tbb, row, 4, 84, 0.136226, 0.216972
[run_puzzle], 1552771671.61, 2, Creating random input
[run_puzzle], 1552771671.61, 2, Executing puzzle
[run_puzzle], 1552771671.61, 2, Building world
[run_puzzle], 1552771671.61, 2, Doing iterations
[run_puzzle], 1552771671.85, 2, Finished
ising, ising.tbb, row, 5, 102, 0.237581, 0.454553
[run_puzzle], 1552771671.85, 2, Creating random input
[run_puzzle], 1552771671.85, 2, Executing puzzle
[run_puzzle], 1552771671.85, 2, Building world
[run_puzzle], 1552771671.85, 2, Doing iterations
[run_puzzle], 1552771672.24, 2, Finished
ising, ising.tbb, row, 6, 124, 0.390341, 0.844895
[run_puzzle], 1552771672.24, 2, Creating random input
[run_puzzle], 1552771672.24, 2, Executing puzzle
[run_puzzle], 1552771672.24, 2, Building world
[run_puzzle], 1552771672.24, 2, Doing iterations
[run_puzzle], 1552771672.84, 2, Finished
ising, ising.tbb, row, 7, 144, 0.60094, 1.44583
[run_puzzle], 1552771672.84, 2, Creating random input
[run_puzzle], 1552771672.84, 2, Executing puzzle
[run_puzzle], 1552771672.84, 2, Building world
[run_puzzle], 1552771672.84, 2, Doing iterations
[run_puzzle], 1552771673.67, 2, Finished
ising, ising.tbb, row, 8, 160, 0.831491, 2.27732
[run_puzzle], 1552771673.67, 2, Creating random input
[run_puzzle], 1552771673.67, 2, Executing puzzle
[run_puzzle], 1552771673.67, 2, Building world
[run_puzzle], 1552771673.67, 2, Doing iterations
[run_puzzle], 1552771674.86, 2, Finished
ising, ising.tbb, row, 9, 185, 1.18276, 3.46009
[run_puzzle], 1552771674.86, 2, Creating random input
[run_puzzle], 1552771674.86, 2, Executing puzzle
[run_puzzle], 1552771674.86, 2, Building world
[run_puzzle], 1552771674.86, 2, Doing iterations
[run_puzzle], 1552771676.34, 2, Finished
ising, ising.tbb, row, 10, 200, 1.48539, 4.94548
[run_puzzle], 1552771676.34, 2, Creating random input
[run_puzzle], 1552771676.34, 2, Executing puzzle
[run_puzzle], 1552771676.34, 2, Building world
[run_puzzle], 1552771676.34, 2, Doing iterations
[run_puzzle], 1552771678.32, 2, Finished
ising, ising.tbb, row, 11, 221, 1.97606, 6.92154
[run_puzzle], 1552771678.32, 2, Creating random input
[run_puzzle], 1552771678.32, 2, Executing puzzle
[run_puzzle], 1552771678.32, 2, Building world
[run_puzzle], 1552771678.32, 2, Doing iterations
[run_puzzle], 1552771680.76, 2, Finished
ising, ising.tbb, row, 12, 242, 2.44715, 9.36869
[run_puzzle], 1552771680.76, 2, Creating random input
[run_puzzle], 1552771680.76, 2, Executing puzzle
[run_puzzle], 1552771680.76, 2, Building world
[run_puzzle], 1552771680.77, 2, Doing iterations
[run_puzzle], 1552771683.86, 2, Finished
ising, ising.tbb, row, 13, 261, 3.10009, 12.4688
[run_puzzle], 1552771683.87, 2, Creating random input
[run_puzzle], 1552771683.87, 2, Executing puzzle
[run_puzzle], 1552771683.87, 2, Building world
[run_puzzle], 1552771683.87, 2, Doing iterations
[run_puzzle], 1552771687.91, 2, Finished
ising, ising.tbb, row, 14, 284, 4.04619, 16.515
[run_puzzle], 1552771687.91, 2, Creating random input
[run_puzzle], 1552771687.91, 2, Executing puzzle
[run_puzzle], 1552771687.91, 2, Building world
[run_puzzle], 1552771687.91, 2, Doing iterations
[run_puzzle], 1552771692.66, 2, Finished
ising, ising.tbb, row, 15, 300, 4.74429, 21.2593
[run_puzzle], 1552771692.66, 2, Creating random input
[run_puzzle], 1552771692.66, 2, Executing puzzle
[run_puzzle], 1552771692.66, 2, Building world
[run_puzzle], 1552771692.66, 2, Doing iterations
[run_puzzle], 1552771698.39, 2, Finished
ising, ising.tbb, row, 16, 324, 5.73462, 26.9939
[run_puzzle], 1552771698.39, 2, Creating random input
[run_puzzle], 1552771698.39, 2, Executing puzzle
[run_puzzle], 1552771698.39, 2, Building world
[run_puzzle], 1552771698.39, 2, Doing iterations
[run_puzzle], 1552771704.96, 2, Finished
ising, ising.tbb, row, 17, 340, 6.57094, 33.5648
[run_puzzle], 1552771704.96, 2, Creating random input
[run_puzzle], 1552771704.96, 2, Executing puzzle
[run_puzzle], 1552771704.96, 2, Building world
[run_puzzle], 1552771704.96, 2, Doing iterations
[run_puzzle], 1552771712.90, 2, Finished
ising, ising.tbb, row, 18, 365, 7.94122, 41.506
[run_puzzle], 1552771712.90, 2, Creating random input
[run_puzzle], 1552771712.90, 2, Executing puzzle
[run_puzzle], 1552771712.90, 2, Building world
[run_puzzle], 1552771712.90, 2, Doing iterations
[run_puzzle], 1552771721.98, 2, Finished
ising, ising.tbb, row, 19, 384, 9.08149, 50.5875
[run_puzzle], 1552771721.98, 2, Creating random input
[run_puzzle], 1552771721.98, 2, Executing puzzle
[run_puzzle], 1552771721.98, 2, Building world
[run_puzzle], 1552771721.99, 2, Doing iterations
[run_puzzle], 1552771732.44, 2, Finished
ising, ising.tbb, row, 20, 401, 10.4529, 61.0405
ising, ising.tbb, metric, 19, 0, 19.9005, 61.0405
