[run_puzzle], 1552529168.62, 2, Created log.
[run_puzzle], 1552529168.62, 2, Creating random input
[run_puzzle], 1552529168.62, 2, Executing puzzle
[run_puzzle], 1552529168.70, 2, Integral = 0.0295319
integral, integral.tbb, row, 2, 41, 0.07951, 0.07951
[run_puzzle], 1552529168.70, 2, Creating random input
[run_puzzle], 1552529168.70, 2, Executing puzzle
[run_puzzle], 1552529168.87, 2, Integral = 0.0239562
integral, integral.tbb, row, 3, 60, 0.166523, 0.246032
[run_puzzle], 1552529168.87, 2, Creating random input
[run_puzzle], 1552529168.87, 2, Executing puzzle
[run_puzzle], 1552529169.23, 2, Integral = 0.0245321
integral, integral.tbb, row, 4, 84, 0.360482, 0.606514
[run_puzzle], 1552529169.23, 2, Executing reference
[run_puzzle], 1552529169.32, 2, Integral = 0.0245321
[run_puzzle], 1552529169.32, 2, Checking output
[run_puzzle], 1552529169.32, 2, Output is correct
[run_puzzle], 1552529169.32, 2, Creating random input
[run_puzzle], 1552529169.32, 2, Executing puzzle
[run_puzzle], 1552529169.90, 2, Integral = 0.0252506
integral, integral.tbb, row, 5, 102, 0.579655, 1.18617
[run_puzzle], 1552529169.90, 2, Creating random input
[run_puzzle], 1552529169.90, 2, Executing puzzle
[run_puzzle], 1552529170.85, 2, Integral = 0.0244506
integral, integral.tbb, row, 6, 124, 0.9511, 2.13727
[run_puzzle], 1552529170.85, 2, Creating random input
[run_puzzle], 1552529170.85, 2, Executing puzzle
[run_puzzle], 1552529172.25, 2, Integral = 0.0258915
integral, integral.tbb, row, 7, 144, 1.4044, 3.54167
[run_puzzle], 1552529172.25, 2, Creating random input
[run_puzzle], 1552529172.25, 2, Executing puzzle
[run_puzzle], 1552529174.10, 2, Integral = 0.0254392
integral, integral.tbb, row, 8, 160, 1.8518, 5.39347
[run_puzzle], 1552529174.10, 2, Executing reference
[run_puzzle], 1552529174.56, 2, Integral = 0.0254392
[run_puzzle], 1552529174.56, 2, Checking output
[run_puzzle], 1552529174.56, 2, Output is correct
[run_puzzle], 1552529174.56, 2, Creating random input
[run_puzzle], 1552529174.56, 2, Executing puzzle
[run_puzzle], 1552529177.29, 2, Integral = 0.0278274
integral, integral.tbb, row, 9, 185, 2.7265, 8.11997
[run_puzzle], 1552529177.29, 2, Creating random input
[run_puzzle], 1552529177.29, 2, Executing puzzle
[run_puzzle], 1552529180.65, 2, Integral = 0.0252127
integral, integral.tbb, row, 10, 200, 3.36645, 11.4864
[run_puzzle], 1552529180.65, 2, Creating random input
[run_puzzle], 1552529180.65, 2, Executing puzzle
[run_puzzle], 1552529185.08, 2, Integral = 0.0259863
integral, integral.tbb, row, 11, 221, 4.42265, 15.9091
[run_puzzle], 1552529185.08, 2, Creating random input
[run_puzzle], 1552529185.08, 2, Executing puzzle
[run_puzzle], 1552529190.76, 2, Integral = 0.0256142
integral, integral.tbb, row, 12, 242, 5.68291, 21.592
[run_puzzle], 1552529190.76, 2, Creating random input
[run_puzzle], 1552529190.76, 2, Executing puzzle
[run_puzzle], 1552529197.77, 2, Integral = 0.0275283
integral, integral.tbb, row, 13, 261, 7.01203, 28.604
[run_puzzle], 1552529197.77, 2, Creating random input
[run_puzzle], 1552529197.77, 2, Executing puzzle
[run_puzzle], 1552529206.64, 2, Integral = 0.0254958
integral, integral.tbb, row, 14, 284, 8.87255, 37.4766
[run_puzzle], 1552529206.64, 2, Creating random input
[run_puzzle], 1552529206.64, 2, Executing puzzle
[run_puzzle], 1552529216.98, 2, Integral = 0.0268114
integral, integral.tbb, row, 15, 300, 10.3344, 47.811
[run_puzzle], 1552529216.98, 2, Creating random input
[run_puzzle], 1552529216.98, 2, Executing puzzle
[run_puzzle], 1552529229.81, 2, Integral = 0.0267856
integral, integral.tbb, row, 16, 324, 12.8316, 60.6426
integral, integral.tbb, metric, 15, 0, 15.9499, 60.6426
