[run_puzzle], 1552556633.92, 2, Created log.
[run_puzzle], 1552556633.92, 2, Creating random input
[run_puzzle], 1552556633.92, 2, Executing puzzle
[run_puzzle], 1552556634.94, 2, Integral = 0.0295319
integral, integral.opt, row, 2, 41, 1.04061, 1.04061
[run_puzzle], 1552556634.96, 2, Creating random input
[run_puzzle], 1552556634.96, 2, Executing puzzle
[run_puzzle], 1552556635.07, 2, Integral = 0.0239562
integral, integral.opt, row, 3, 60, 0.129366, 1.16997
[run_puzzle], 1552556635.09, 2, Creating random input
[run_puzzle], 1552556635.09, 2, Executing puzzle
[run_puzzle], 1552556635.20, 2, Integral = 0.0245321
integral, integral.opt, row, 4, 84, 0.127298, 1.29727
[run_puzzle], 1552556635.22, 2, Executing reference
[run_puzzle], 1552556635.31, 2, Integral = 0.0245321
[run_puzzle], 1552556635.31, 2, Checking output
[run_puzzle], 1552556635.31, 2, Output is correct
[run_puzzle], 1552556635.31, 2, Creating random input
[run_puzzle], 1552556635.31, 2, Executing puzzle
[run_puzzle], 1552556635.42, 2, Integral = 0.0252506
integral, integral.opt, row, 5, 102, 0.128679, 1.42595
[run_puzzle], 1552556635.43, 2, Creating random input
[run_puzzle], 1552556635.43, 2, Executing puzzle
[run_puzzle], 1552556635.54, 2, Integral = 0.0244506
integral, integral.opt, row, 6, 124, 0.126996, 1.55294
[run_puzzle], 1552556635.56, 2, Creating random input
[run_puzzle], 1552556635.56, 2, Executing puzzle
[run_puzzle], 1552556635.67, 2, Integral = 0.0258915
integral, integral.opt, row, 7, 144, 0.12936, 1.6823
[run_puzzle], 1552556635.69, 2, Creating random input
[run_puzzle], 1552556635.69, 2, Executing puzzle
[run_puzzle], 1552556635.80, 2, Integral = 0.0254392
integral, integral.opt, row, 8, 160, 0.127448, 1.80975
[run_puzzle], 1552556635.82, 2, Executing reference
[run_puzzle], 1552556636.28, 2, Integral = 0.0254392
[run_puzzle], 1552556636.28, 2, Checking output
[run_puzzle], 1552556636.28, 2, Output is correct
[run_puzzle], 1552556636.28, 2, Creating random input
[run_puzzle], 1552556636.28, 2, Executing puzzle
[run_puzzle], 1552556636.40, 2, Integral = 0.0278274
integral, integral.opt, row, 9, 185, 0.132542, 1.94229
[run_puzzle], 1552556636.41, 2, Creating random input
[run_puzzle], 1552556636.41, 2, Executing puzzle
[run_puzzle], 1552556636.53, 2, Integral = 0.0252127
integral, integral.opt, row, 10, 200, 0.12997, 2.07226
[run_puzzle], 1552556636.54, 2, Creating random input
[run_puzzle], 1552556636.54, 2, Executing puzzle
[run_puzzle], 1552556636.66, 2, Integral = 0.0259863
integral, integral.opt, row, 11, 221, 0.136439, 2.2087
[run_puzzle], 1552556636.68, 2, Creating random input
[run_puzzle], 1552556636.68, 2, Executing puzzle
[run_puzzle], 1552556636.80, 2, Integral = 0.0256142
integral, integral.opt, row, 12, 242, 0.136727, 2.34543
[run_puzzle], 1552556636.82, 2, Creating random input
[run_puzzle], 1552556636.82, 2, Executing puzzle
[run_puzzle], 1552556636.94, 2, Integral = 0.0275283
integral, integral.opt, row, 13, 261, 0.140222, 2.48565
[run_puzzle], 1552556636.96, 2, Creating random input
[run_puzzle], 1552556636.96, 2, Executing puzzle
[run_puzzle], 1552556637.07, 2, Integral = 0.0254958
integral, integral.opt, row, 14, 284, 0.130154, 2.61581
[run_puzzle], 1552556637.09, 2, Creating random input
[run_puzzle], 1552556637.09, 2, Executing puzzle
[run_puzzle], 1552556637.20, 2, Integral = 0.0268114
integral, integral.opt, row, 15, 300, 0.1314, 2.74721
[run_puzzle], 1552556637.22, 2, Creating random input
[run_puzzle], 1552556637.22, 2, Executing puzzle
[run_puzzle], 1552556637.33, 2, Integral = 0.0267856
integral, integral.opt, row, 16, 324, 0.130836, 2.87804
[run_puzzle], 1552556637.35, 2, Creating random input
[run_puzzle], 1552556637.35, 2, Executing puzzle
[run_puzzle], 1552556637.46, 2, Integral = 0.0265139
integral, integral.opt, row, 17, 340, 0.131299, 3.00934
[run_puzzle], 1552556637.48, 2, Creating random input
[run_puzzle], 1552556637.48, 2, Executing puzzle
[run_puzzle], 1552556637.60, 2, Integral = 0.0267375
integral, integral.opt, row, 18, 365, 0.141148, 3.15049
[run_puzzle], 1552556637.62, 2, Creating random input
[run_puzzle], 1552556637.62, 2, Executing puzzle
[run_puzzle], 1552556637.76, 2, Integral = 0.0270168
integral, integral.opt, row, 19, 384, 0.158506, 3.30899
[run_puzzle], 1552556637.78, 2, Executing reference
[run_puzzle], 1552556642.96, 2, Integral = 0.0270168
[run_puzzle], 1552556642.96, 2, Checking output
[run_puzzle], 1552556642.96, 2, Output is correct
[run_puzzle], 1552556642.96, 2, Creating random input
[run_puzzle], 1552556642.96, 2, Executing puzzle
[run_puzzle], 1552556643.11, 2, Integral = 0.0266762
integral, integral.opt, row, 20, 401, 0.170321, 3.47932
[run_puzzle], 1552556643.13, 2, Creating random input
[run_puzzle], 1552556643.13, 2, Executing puzzle
[run_puzzle], 1552556643.25, 2, Integral = 0.0260828
integral, integral.opt, row, 21, 420, 0.136351, 3.61567
[run_puzzle], 1552556643.26, 2, Creating random input
[run_puzzle], 1552556643.26, 2, Executing puzzle
[run_puzzle], 1552556643.42, 2, Integral = 0.0264541
integral, integral.opt, row, 22, 441, 0.176953, 3.79262
[run_puzzle], 1552556643.44, 2, Creating random input
[run_puzzle], 1552556643.44, 2, Executing puzzle
[run_puzzle], 1552556643.58, 2, Integral = 0.0265358
integral, integral.opt, row, 23, 464, 0.157066, 3.94969
[run_puzzle], 1552556643.60, 2, Creating random input
[run_puzzle], 1552556643.60, 2, Executing puzzle
[run_puzzle], 1552556643.77, 2, Integral = 0.0268596
integral, integral.opt, row, 24, 485, 0.190795, 4.14048
[run_puzzle], 1552556643.79, 2, Creating random input
[run_puzzle], 1552556643.79, 2, Executing puzzle
[run_puzzle], 1552556643.92, 2, Integral = 0.0267833
integral, integral.opt, row, 25, 502, 0.14822, 4.2887
[run_puzzle], 1552556643.94, 2, Creating random input
[run_puzzle], 1552556643.94, 2, Executing puzzle
[run_puzzle], 1552556644.12, 2, Integral = 0.0273225
integral, integral.opt, row, 26, 523, 0.204248, 4.49295
[run_puzzle], 1552556644.14, 2, Creating random input
[run_puzzle], 1552556644.14, 2, Executing puzzle
[run_puzzle], 1552556644.27, 2, Integral = 0.0264868
integral, integral.opt, row, 27, 541, 0.148615, 4.64156
[run_puzzle], 1552556644.29, 2, Creating random input
[run_puzzle], 1552556644.29, 2, Executing puzzle
[run_puzzle], 1552556644.47, 2, Integral = 0.0273563
integral, integral.opt, row, 28, 565, 0.19334, 4.8349
[run_puzzle], 1552556644.48, 2, Creating random input
[run_puzzle], 1552556644.48, 2, Executing puzzle
[run_puzzle], 1552556644.71, 2, Integral = 0.0271751
integral, integral.opt, row, 29, 581, 0.240902, 5.07581
[run_puzzle], 1552556644.72, 2, Creating random input
[run_puzzle], 1552556644.72, 2, Executing puzzle
[run_puzzle], 1552556644.90, 2, Integral = 0.0266641
integral, integral.opt, row, 30, 601, 0.18938, 5.26519
[run_puzzle], 1552556644.91, 2, Creating random input
[run_puzzle], 1552556644.91, 2, Executing puzzle
[run_puzzle], 1552556645.11, 2, Integral = 0.0266537
integral, integral.opt, row, 31, 625, 0.21359, 5.47878
[run_puzzle], 1552556645.13, 2, Creating random input
[run_puzzle], 1552556645.13, 2, Executing puzzle
[run_puzzle], 1552556645.32, 2, Integral = 0.0263765
integral, integral.opt, row, 32, 640, 0.210452, 5.68923
[run_puzzle], 1552556645.34, 2, Creating random input
[run_puzzle], 1552556645.34, 2, Executing puzzle
[run_puzzle], 1552556645.50, 2, Integral = 0.0266804
integral, integral.opt, row, 33, 660, 0.183413, 5.87264
[run_puzzle], 1552556645.52, 2, Creating random input
[run_puzzle], 1552556645.52, 2, Executing puzzle
[run_puzzle], 1552556645.73, 2, Integral = 0.0262482
integral, integral.opt, row, 34, 680, 0.228365, 6.10101
[run_puzzle], 1552556645.75, 2, Creating random input
[run_puzzle], 1552556645.75, 2, Executing puzzle
[run_puzzle], 1552556646.04, 2, Integral = 0.0264812
integral, integral.opt, row, 35, 701, 0.312023, 6.41303
[run_puzzle], 1552556646.06, 2, Creating random input
[run_puzzle], 1552556646.06, 2, Executing puzzle
[run_puzzle], 1552556646.22, 2, Integral = 0.0265336
integral, integral.opt, row, 36, 724, 0.1714, 6.58443
[run_puzzle], 1552556646.23, 2, Executing reference
[run_puzzle], 1552556678.52, 2, Integral = 0.0265336
[run_puzzle], 1552556678.52, 2, Checking output
[run_puzzle], 1552556678.52, 2, Output is correct
[run_puzzle], 1552556678.52, 2, Creating random input
[run_puzzle], 1552556678.52, 2, Executing puzzle
[run_puzzle], 1552556678.84, 2, Integral = 0.0266059
integral, integral.opt, row, 37, 742, 0.343656, 6.92809
[run_puzzle], 1552556678.86, 2, Creating random input
[run_puzzle], 1552556678.86, 2, Executing puzzle
[run_puzzle], 1552556679.04, 2, Integral = 0.0266994
integral, integral.opt, row, 38, 762, 0.195325, 7.12341
[run_puzzle], 1552556679.06, 2, Creating random input
[run_puzzle], 1552556679.06, 2, Executing puzzle
[run_puzzle], 1552556679.41, 2, Integral = 0.0263214
integral, integral.opt, row, 39, 782, 0.372624, 7.49603
[run_puzzle], 1552556679.43, 2, Creating random input
[run_puzzle], 1552556679.43, 2, Executing puzzle
[run_puzzle], 1552556679.80, 2, Integral = 0.0265737
integral, integral.opt, row, 40, 802, 0.390036, 7.88607
[run_puzzle], 1552556679.82, 2, Creating random input
[run_puzzle], 1552556679.82, 2, Executing puzzle
[run_puzzle], 1552556680.21, 2, Integral = 0.0268157
integral, integral.opt, row, 41, 822, 0.410033, 8.2961
[run_puzzle], 1552556680.23, 2, Creating random input
[run_puzzle], 1552556680.23, 2, Executing puzzle
[run_puzzle], 1552556680.64, 2, Integral = 0.0262689
integral, integral.opt, row, 42, 845, 0.425198, 8.7213
[run_puzzle], 1552556680.66, 2, Creating random input
[run_puzzle], 1552556680.66, 2, Executing puzzle
[run_puzzle], 1552556681.09, 2, Integral = 0.0267933
integral, integral.opt, row, 43, 863, 0.456084, 9.17739
[run_puzzle], 1552556681.11, 2, Executing reference
[run_puzzle], 1552556735.09, 2, Integral = 0.0267933
[run_puzzle], 1552556735.09, 2, Checking output
[run_puzzle], 1552556735.09, 2, Output is correct
[run_puzzle], 1552556735.09, 2, Creating random input
[run_puzzle], 1552556735.09, 2, Executing puzzle
[run_puzzle], 1552556735.28, 2, Integral = 0.0265208
integral, integral.opt, row, 44, 884, 0.206503, 9.38389
[run_puzzle], 1552556735.29, 2, Creating random input
[run_puzzle], 1552556735.29, 2, Executing puzzle
[run_puzzle], 1552556735.58, 2, Integral = 0.0267422
integral, integral.opt, row, 45, 904, 0.309098, 9.69299
[run_puzzle], 1552556735.60, 2, Creating random input
[run_puzzle], 1552556735.60, 2, Executing puzzle
[run_puzzle], 1552556735.94, 2, Integral = 0.0267531
integral, integral.opt, row, 46, 923, 0.36197, 10.055
[run_puzzle], 1552556735.96, 2, Creating random input
[run_puzzle], 1552556735.96, 2, Executing puzzle
[run_puzzle], 1552556736.16, 2, Integral = 0.0268499
integral, integral.opt, row, 47, 940, 0.216608, 10.2716
[run_puzzle], 1552556736.18, 2, Creating random input
[run_puzzle], 1552556736.18, 2, Executing puzzle
[run_puzzle], 1552556736.41, 2, Integral = 0.0268391
integral, integral.opt, row, 48, 964, 0.242401, 10.514
[run_puzzle], 1552556736.42, 2, Creating random input
[run_puzzle], 1552556736.42, 2, Executing puzzle
[run_puzzle], 1552556736.66, 2, Integral = 0.0268477
integral, integral.opt, row, 49, 983, 0.252986, 10.767
[run_puzzle], 1552556736.68, 2, Creating random input
[run_puzzle], 1552556736.68, 2, Executing puzzle
[run_puzzle], 1552556736.95, 2, Integral = 0.0262989
integral, integral.opt, row, 50, 1005, 0.292636, 11.0596
[run_puzzle], 1552556736.97, 2, Creating random input
[run_puzzle], 1552556736.97, 2, Executing puzzle
[run_puzzle], 1552556737.19, 2, Integral = 0.0265142
integral, integral.opt, row, 51, 1020, 0.24385, 11.3034
[run_puzzle], 1552556737.21, 2, Creating random input
[run_puzzle], 1552556737.21, 2, Executing puzzle
[run_puzzle], 1552556737.88, 2, Integral = 0.0269319
integral, integral.opt, row, 52, 1043, 0.686226, 11.9897
[run_puzzle], 1552556737.90, 2, Creating random input
[run_puzzle], 1552556737.90, 2, Executing puzzle
[run_puzzle], 1552556738.16, 2, Integral = 0.0264257
integral, integral.opt, row, 53, 1060, 0.279693, 12.2694
[run_puzzle], 1552556738.18, 2, Creating random input
[run_puzzle], 1552556738.18, 2, Executing puzzle
[run_puzzle], 1552556738.88, 2, Integral = 0.0268286
integral, integral.opt, row, 54, 1083, 0.718675, 12.988
[run_puzzle], 1552556738.90, 2, Creating random input
[run_puzzle], 1552556738.90, 2, Executing puzzle
[run_puzzle], 1552556739.15, 2, Integral = 0.0267941
integral, integral.opt, row, 55, 1100, 0.268757, 13.2568
[run_puzzle], 1552556739.17, 2, Creating random input
[run_puzzle], 1552556739.17, 2, Executing puzzle
[run_puzzle], 1552556739.43, 2, Integral = 0.0267859
integral, integral.opt, row, 56, 1124, 0.278097, 13.5349
[run_puzzle], 1552556739.44, 2, Creating random input
[run_puzzle], 1552556739.44, 2, Executing puzzle
[run_puzzle], 1552556739.74, 2, Integral = 0.0267013
integral, integral.opt, row, 57, 1140, 0.3102, 13.8451
[run_puzzle], 1552556739.75, 2, Creating random input
[run_puzzle], 1552556739.75, 2, Executing puzzle
[run_puzzle], 1552556740.58, 2, Integral = 0.0265694
integral, integral.opt, row, 58, 1162, 0.851053, 14.6961
[run_puzzle], 1552556740.61, 2, Creating random input
[run_puzzle], 1552556740.61, 2, Executing puzzle
[run_puzzle], 1552556741.51, 2, Integral = 0.0263693
integral, integral.opt, row, 59, 1183, 0.924601, 15.6207
[run_puzzle], 1552556741.53, 2, Creating random input
[run_puzzle], 1552556741.53, 2, Executing puzzle
[run_puzzle], 1552556741.86, 2, Integral = 0.0266106
integral, integral.opt, row, 60, 1204, 0.343899, 15.9646
[run_puzzle], 1552556741.87, 2, Creating random input
[run_puzzle], 1552556741.87, 2, Executing puzzle
[run_puzzle], 1552556742.43, 2, Integral = 0.0262974
integral, integral.opt, row, 61, 1223, 0.574058, 16.5387
[run_puzzle], 1552556742.45, 2, Creating random input
[run_puzzle], 1552556742.45, 2, Executing puzzle
[run_puzzle], 1552556742.92, 2, Integral = 0.0265933
integral, integral.opt, row, 62, 1240, 0.484251, 17.0229
[run_puzzle], 1552556742.93, 2, Creating random input
[run_puzzle], 1552556742.93, 2, Executing puzzle
[run_puzzle], 1552556743.99, 2, Integral = 0.0263452
integral, integral.opt, row, 63, 1265, 1.07468, 18.0976
[run_puzzle], 1552556744.01, 2, Executing reference
[run_puzzle], 1552556910.31, 2, Integral = 0.0263452
[run_puzzle], 1552556910.31, 2, Checking output
[run_puzzle], 1552556910.31, 2, Output is correct
[run_puzzle], 1552556910.31, 2, Creating random input
[run_puzzle], 1552556910.31, 2, Executing puzzle
[run_puzzle], 1552556911.42, 2, Integral = 0.0269758
integral, integral.opt, row, 64, 1281, 1.13382, 19.2314
[run_puzzle], 1552556911.44, 2, Creating random input
[run_puzzle], 1552556911.44, 2, Executing puzzle
[run_puzzle], 1552556911.97, 2, Integral = 0.0265456
integral, integral.opt, row, 65, 1303, 0.549629, 19.7811
[run_puzzle], 1552556911.99, 2, Creating random input
[run_puzzle], 1552556911.99, 2, Executing puzzle
[run_puzzle], 1552556912.56, 2, Integral = 0.0265563
integral, integral.opt, row, 66, 1322, 0.592435, 20.3735
[run_puzzle], 1552556912.58, 2, Creating random input
[run_puzzle], 1552556912.58, 2, Executing puzzle
[run_puzzle], 1552556912.95, 2, Integral = 0.0265967
integral, integral.opt, row, 67, 1340, 0.388261, 20.7618
[run_puzzle], 1552556912.97, 2, Creating random input
[run_puzzle], 1552556912.97, 2, Executing puzzle
[run_puzzle], 1552556913.64, 2, Integral = 0.026744
integral, integral.opt, row, 68, 1360, 0.693058, 21.4548
[run_puzzle], 1552556913.66, 2, Executing reference
[run_puzzle], 1552557119.66, 2, Integral = 0.026744
[run_puzzle], 1552557119.66, 2, Checking output
[run_puzzle], 1552557119.66, 2, Output is correct
[run_puzzle], 1552557119.66, 2, Creating random input
[run_puzzle], 1552557119.66, 2, Executing puzzle
[run_puzzle], 1552557120.16, 2, Integral = 0.0267381
integral, integral.opt, row, 69, 1384, 0.523456, 21.9783
[run_puzzle], 1552557120.18, 2, Creating random input
[run_puzzle], 1552557120.18, 2, Executing puzzle
[run_puzzle], 1552557121.57, 2, Integral = 0.0264614
integral, integral.opt, row, 70, 1403, 1.4092, 23.3875
[run_puzzle], 1552557121.59, 2, Creating random input
[run_puzzle], 1552557121.59, 2, Executing puzzle
[run_puzzle], 1552557122.49, 2, Integral = 0.026562
integral, integral.opt, row, 71, 1422, 0.927641, 24.3151
[run_puzzle], 1552557122.52, 2, Creating random input
[run_puzzle], 1552557122.52, 2, Executing puzzle
[run_puzzle], 1552557123.99, 2, Integral = 0.0266404
integral, integral.opt, row, 72, 1441, 1.50048, 25.8156
[run_puzzle], 1552557124.02, 2, Creating random input
[run_puzzle], 1552557124.02, 2, Executing puzzle
[run_puzzle], 1552557124.67, 2, Integral = 0.0265962
integral, integral.opt, row, 73, 1464, 0.670429, 26.486
[run_puzzle], 1552557124.69, 2, Creating random input
[run_puzzle], 1552557124.69, 2, Executing puzzle
[run_puzzle], 1552557125.30, 2, Integral = 0.0266722
integral, integral.opt, row, 74, 1483, 0.629666, 27.1157
[run_puzzle], 1552557125.32, 2, Creating random input
[run_puzzle], 1552557125.32, 2, Executing puzzle
[run_puzzle], 1552557126.98, 2, Integral = 0.026473
integral, integral.opt, row, 75, 1503, 1.68462, 28.8003
[run_puzzle], 1552557127.00, 2, Creating random input
[run_puzzle], 1552557127.00, 2, Executing puzzle
[run_puzzle], 1552557127.47, 2, Integral = 0.0265793
integral, integral.opt, row, 76, 1524, 0.484183, 29.2845
[run_puzzle], 1552557127.49, 2, Creating random input
[run_puzzle], 1552557127.49, 2, Executing puzzle
[run_puzzle], 1552557128.37, 2, Integral = 0.0267095
integral, integral.opt, row, 77, 1544, 0.903841, 30.1883
[run_puzzle], 1552557128.39, 2, Creating random input
[run_puzzle], 1552557128.39, 2, Executing puzzle
[run_puzzle], 1552557129.52, 2, Integral = 0.0267426
integral, integral.opt, row, 78, 1562, 1.1464, 31.3347
[run_puzzle], 1552557129.54, 2, Creating random input
[run_puzzle], 1552557129.54, 2, Executing puzzle
[run_puzzle], 1552557131.42, 2, Integral = 0.0266701
integral, integral.opt, row, 79, 1583, 1.90477, 33.2395
[run_puzzle], 1552557131.44, 2, Creating random input
[run_puzzle], 1552557131.44, 2, Executing puzzle
[run_puzzle], 1552557133.39, 2, Integral = 0.0266775
integral, integral.opt, row, 80, 1602, 1.97306, 35.2126
[run_puzzle], 1552557133.41, 2, Creating random input
[run_puzzle], 1552557133.41, 2, Executing puzzle
[run_puzzle], 1552557135.47, 2, Integral = 0.0264386
integral, integral.opt, row, 81, 1621, 2.07727, 37.2898
[run_puzzle], 1552557135.49, 2, Creating random input
[run_puzzle], 1552557135.49, 2, Executing puzzle
[run_puzzle], 1552557137.60, 2, Integral = 0.0266517
integral, integral.opt, row, 82, 1643, 2.1272, 39.4171
[run_puzzle], 1552557137.62, 2, Executing reference
[run_puzzle], 1552557498.11, 2, Integral = 0.0266517
[run_puzzle], 1552557498.11, 2, Checking output
[run_puzzle], 1552557498.11, 2, Output is correct
[run_puzzle], 1552557498.11, 2, Creating random input
[run_puzzle], 1552557498.11, 2, Executing puzzle
[run_puzzle], 1552557498.84, 2, Integral = 0.0264718
integral, integral.opt, row, 83, 1663, 0.75006, 40.1671
[run_puzzle], 1552557498.86, 2, Creating random input
[run_puzzle], 1552557498.86, 2, Executing puzzle
[run_puzzle], 1552557499.50, 2, Integral = 0.0266442
integral, integral.opt, row, 84, 1684, 0.658447, 40.8256
[run_puzzle], 1552557499.52, 2, Creating random input
[run_puzzle], 1552557499.52, 2, Executing puzzle
[run_puzzle], 1552557500.27, 2, Integral = 0.0265887
integral, integral.opt, row, 85, 1700, 0.772667, 41.5982
[run_puzzle], 1552557500.30, 2, Creating random input
[run_puzzle], 1552557500.30, 2, Executing puzzle
[run_puzzle], 1552557501.29, 2, Integral = 0.0266309
integral, integral.opt, row, 86, 1720, 1.01703, 42.6153
[run_puzzle], 1552557501.31, 2, Creating random input
[run_puzzle], 1552557501.31, 2, Executing puzzle
[run_puzzle], 1552557503.83, 2, Integral = 0.0265434
integral, integral.opt, row, 87, 1742, 2.54382, 45.1591
[run_puzzle], 1552557503.86, 2, Creating random input
[run_puzzle], 1552557503.86, 2, Executing puzzle
[run_puzzle], 1552557505.31, 2, Integral = 0.0266808
integral, integral.opt, row, 88, 1761, 1.47379, 46.6329
[run_puzzle], 1552557505.33, 2, Creating random input
[run_puzzle], 1552557505.33, 2, Executing puzzle
[run_puzzle], 1552557507.94, 2, Integral = 0.0265122
integral, integral.opt, row, 89, 1781, 2.63217, 49.265
[run_puzzle], 1552557507.96, 2, Creating random input
[run_puzzle], 1552557507.96, 2, Executing puzzle
[run_puzzle], 1552557510.62, 2, Integral = 0.026602
integral, integral.opt, row, 90, 1802, 2.68148, 51.9465
[run_puzzle], 1552557510.64, 2, Creating random input
[run_puzzle], 1552557510.64, 2, Executing puzzle
[run_puzzle], 1552557513.48, 2, Integral = 0.0264602
integral, integral.opt, row, 91, 1821, 2.8562, 54.8027
[run_puzzle], 1552557513.50, 2, Creating random input
[run_puzzle], 1552557513.50, 2, Executing puzzle
[run_puzzle], 1552557514.68, 2, Integral = 0.0267404
integral, integral.opt, row, 92, 1840, 1.20468, 56.0074
[run_puzzle], 1552557514.70, 2, Creating random input
[run_puzzle], 1552557514.70, 2, Executing puzzle
[run_puzzle], 1552557517.66, 2, Integral = 0.0264894
integral, integral.opt, row, 93, 1863, 2.97374, 58.9811
[run_puzzle], 1552557517.68, 2, Creating random input
[run_puzzle], 1552557517.68, 2, Executing puzzle
[run_puzzle], 1552557520.78, 2, Integral = 0.0267633
integral, integral.opt, row, 94, 1882, 3.12281, 62.104
integral, integral.opt, metric, 93, 0, 93.3263, 62.104
